* 000000 [Engine] Log started at 2024/2/10 17:30:25
* 000000 [Engine] This copy of the engine is git hash 2a514fe2ab84d798abc3cf2b3a9d49724ebc54d6, built on Jan 25 2024, at 19:07:00
* 000000 [Engine] Platform: Mac OS X
* 000000 [Engine] 
* 000000 [Engine] *******************************************************************************************
* 000000 [Engine] *** This is the Standard license build!                                                 ***
* 000000 [Engine] *** Get more with an Indie or Pro license such as C extensions, mobile dev, and VR dev! ***
* 000000 [Engine] *** Details at http://dragonruby.org/toolkit/game#purchase                              ***
* 000000 [Engine] *******************************************************************************************
* 000000 [Engine] 
- 000000 [Engine] Game Dir: rubyden
- 000000 [Engine] Game ID: hello-SDL
- 000000 [Engine] Game Title: Update metadata/game_metadata.txt in your mygame directory to change this title.
- 000000 [Engine] Game Version: 1.0
- 000000 [Engine] Game Package ID: 
- 000000 [Engine] Game Developer ID: dragonruby
- 000000 [Engine] Game Developer Title: DragonRuby LLC
- 000000 [Engine] Production Build: no
- 000000 [Engine] Remote Hotload: no
- 000000 [Render] SDL video backend: cocoa
- 000000 [Render] SDL renderer backend: metal
- 000000 [Render] Window size: 1280x720 (requested 1280x720)
- 000000 [Render] Fullscreen Desktop mode: no
- 000000 [Render] Allow HighDPI: no
- 000000 [Render] Max texture size: 16384x16384 (system reported 16384x16384)
- 000000 [Render] Logical render size: 1280x720
? 000000 [Engine] RNG seed has been set to 1707615025.
- 000000 [Engine] Janitor is using 4 threads.
? 000005 [Engine] Reloaded app/main.rb. (300)
* 000016 [Engine] Logging shutting down
